00:00:00.757198 VirtualBox GUI VM Selector Window 6.1.16 r140961 linux.amd64 (Oct 20 2020 18:52:28) release log
00:00:00.757206 Log opened 2020-11-15T11:13:38.037854000Z
00:00:00.757208 Build Type: release
00:00:00.757217 OS Product: Linux
00:00:00.757221 OS Release: 5.8.18-1-MANJARO
00:00:00.757226 OS Version: #1 SMP PREEMPT Sun Nov 1 14:10:04 UTC 2020
00:00:00.757293 DMI Product Name: XPS 13 9370
00:00:00.757331 DMI Product Version: 
00:00:00.757348 Firmware type: UEFI
00:00:00.758845 Secure Boot: Disabled
00:00:00.758989 Host RAM: 7657MB (7.4GB) total, 6448MB (6.2GB) available
00:00:00.759002 Executable: /usr/lib/virtualbox/VirtualBox
00:00:00.759004 Process ID: 26895
00:00:00.759005 Package type: LINUX_64BITS_GENERIC (OSE)
00:00:00.759098 Qt version: 5.15.1
00:00:00.876759 GUI: UIMediumEnumerator: Medium-enumeration started...
00:00:01.782969 GUI: UIDesktopWidgetWatchdog::sltHandleHostScreenAvailableGeometryCalculated: Screen 0 work area is actually resized to: 0x24 x 1920x1056
00:00:01.801923 GUI: UIMediumEnumerator: Medium-enumeration finished!
00:02:58.931414 GUI: UIMediumEnumerator: Medium-enumeration started...
00:02:58.951863 GUI: UIMediumEnumerator: Medium-enumeration finished!
