00:00:00.003508 main     VirtualBox XPCOM Server 6.1.26 r145957 linux.amd64 (Jul 29 2021 12:15:28) release log
00:00:00.003516 main     Log opened 2021-10-05T00:02:56.269403000Z
00:00:00.003518 main     Build Type: release
00:00:00.003524 main     OS Product: Linux
00:00:00.003528 main     OS Release: 5.10.68-1-MANJARO
00:00:00.003532 main     OS Version: #1 SMP PREEMPT Wed Sep 22 12:29:47 UTC 2021
00:00:00.003595 main     DMI Product Name: XPS 13 9370
00:00:00.003624 main     DMI Product Version: 
00:00:00.003637 main     Firmware type: UEFI
00:00:00.006404 main     Secure Boot: Disabled
00:00:00.006561 main     Host RAM: 7651MB (7.4GB) total, 6204MB (6.0GB) available
00:00:00.006574 main     Executable: /usr/lib/virtualbox/VBoxSVC
00:00:00.006577 main     Process ID: 232205
00:00:00.006579 main     Package type: LINUX_64BITS_GENERIC (OSE)
00:00:00.013585 main     IPC socket path: /tmp/.vbox-ersandro-ipc/ipcd
00:00:00.138229 nspr-2   VirtualBox: object creation starts
00:00:00.138440 nspr-2   Home directory: '/home/ersandro/.config/VirtualBox'
00:00:00.139253 nspr-2   Loading settings file "/home/ersandro/.config/VirtualBox/VirtualBox.xml" with version "1.12-linux"
00:00:00.162023 nspr-2   NetIfAdpCtlOut: VBoxNetAdpCtl: Error while retrieving link speed for wlp2s0: VBoxNetAdpCtl: ioctl failed: Operation not supported
00:00:00.163854 nspr-2   HostDnsMonitor: initializing
00:00:00.164522 nspr-2   NAT: resolv.conf: nameserver 192.168.1.1
00:00:00.164564 nspr-2   NAT: resolv.conf: FIXME: ignoring IPv6 zone %wlp2s0
00:00:00.164580 nspr-2   NAT: resolv.conf: nameserver fe80::a26:97ff:fe59:f9e0
00:00:00.164619 nspr-2   HostDnsMonitor: updating information
00:00:00.164690 nspr-2   HostDnsMonitor: old information
00:00:00.164704 nspr-2     no server entries
00:00:00.164717 nspr-2     no domain set
00:00:00.164728 nspr-2     no search string entries
00:00:00.164739 nspr-2   HostDnsMonitor: new information
00:00:00.164749 nspr-2     server 1: 192.168.1.1
00:00:00.164761 nspr-2     server 2: fe80::a26:97ff:fe59:f9e0%wlp2s0
00:00:00.164773 nspr-2     domain: home
00:00:00.164784 nspr-2     search string 1: home
00:00:00.176536 nspr-2   VD: VDInit finished with VINF_SUCCESS
00:00:00.177508 nspr-2   ERROR [COM]: aRC=NS_ERROR_FAILURE (0x80004005) aIID={027bc463-929c-40e8-bf16-fea557cd8e7e} aComponent={SystemPropertiesWrap} aText={Cannot determine default Guest Additions ISO location. Most likely they are not available}, preserve=false aResultDetail=0
00:00:00.193545 nspr-2   Loading settings file "/home/ersandro/VirtualBox VMs/Linux/Linux.vbox" with version "1.16-linux"
00:00:00.197385 nspr-2   Loading settings file "/home/ersandro/VirtualBox VMs/Nix/Nix.vbox" with version "1.16-linux"
00:00:00.199222 nspr-2   VirtualBox: object created
00:00:01.215407 nspr-3   WARNING [COM]: aRC=NS_ERROR_FAILURE (0x80004005) aIID={16ced992-5fdc-4aba-aff5-6a39bbd7c38b} aComponent={HostWrap} aText={VirtualBox is not currently allowed to access USB devices.  You can change this by adding your user to the 'vboxusers' group.  Please see the user manual for a more detailed explanation}, preserve=true  aResultDetail=0
00:00:01.579255 nspr-3   WARNING [COM]: aRC=NS_ERROR_FAILURE (0x80004005) aIID={16ced992-5fdc-4aba-aff5-6a39bbd7c38b} aComponent={HostWrap} aText={VirtualBox is not currently allowed to access USB devices.  You can change this by adding your user to the 'vboxusers' group.  Please see the user manual for a more detailed explanation}, preserve=true  aResultDetail=0
00:00:01.581327 nspr-4   WARNING [COM]: aRC=NS_ERROR_FAILURE (0x80004005) aIID={16ced992-5fdc-4aba-aff5-6a39bbd7c38b} aComponent={HostWrap} aText={VirtualBox is not currently allowed to access USB devices.  You can change this by adding your user to the 'vboxusers' group.  Please see the user manual for a more detailed explanation}, preserve=true  aResultDetail=0
00:00:24.838366 nspr-4   WARNING [COM]: aRC=NS_ERROR_FAILURE (0x80004005) aIID={16ced992-5fdc-4aba-aff5-6a39bbd7c38b} aComponent={HostWrap} aText={VirtualBox is not currently allowed to access USB devices.  You can change this by adding your user to the 'vboxusers' group.  Please see the user manual for a more detailed explanation}, preserve=true  aResultDetail=0
00:00:25.780892 nspr-2   NetIfAdpCtlOut: VBoxNetAdpCtl: Error while retrieving link speed for wlp2s0: VBoxNetAdpCtl: ioctl failed: Operation not supported
00:00:25.789272 nspr-2   NetIfAdpCtlOut: VBoxNetAdpCtl: Error while retrieving link speed for wlp2s0: VBoxNetAdpCtl: ioctl failed: Operation not supported
00:00:25.801747 nspr-4   WARNING [COM]: aRC=NS_ERROR_FAILURE (0x80004005) aIID={16ced992-5fdc-4aba-aff5-6a39bbd7c38b} aComponent={HostWrap} aText={VirtualBox is not currently allowed to access USB devices.  You can change this by adding your user to the 'vboxusers' group.  Please see the user manual for a more detailed explanation}, preserve=true  aResultDetail=0
00:00:25.802264 nspr-2   WARNING [COM]: aRC=NS_ERROR_FAILURE (0x80004005) aIID={16ced992-5fdc-4aba-aff5-6a39bbd7c38b} aComponent={HostWrap} aText={VirtualBox is not currently allowed to access USB devices.  You can change this by adding your user to the 'vboxusers' group.  Please see the user manual for a more detailed explanation}, preserve=true  aResultDetail=0
00:00:26.320779 nspr-2   WARNING [COM]: aRC=NS_ERROR_FAILURE (0x80004005) aIID={16ced992-5fdc-4aba-aff5-6a39bbd7c38b} aComponent={HostWrap} aText={VirtualBox is not currently allowed to access USB devices.  You can change this by adding your user to the 'vboxusers' group.  Please see the user manual for a more detailed explanation}, preserve=true  aResultDetail=0
00:00:26.321935 nspr-2   WARNING [COM]: aRC=NS_ERROR_FAILURE (0x80004005) aIID={16ced992-5fdc-4aba-aff5-6a39bbd7c38b} aComponent={HostWrap} aText={VirtualBox is not currently allowed to access USB devices.  You can change this by adding your user to the 'vboxusers' group.  Please see the user manual for a more detailed explanation}, preserve=true  aResultDetail=0
00:00:37.904606 nspr-3   Saving settings file "/home/ersandro/.config/VirtualBox/VirtualBox.xml" with version "1.12-linux"
00:00:40.510534 nspr-3   Saving settings file "/home/ersandro/.config/VirtualBox/VirtualBox.xml" with version "1.12-linux"
00:00:40.714996 nspr-4   WARNING [COM]: aRC=NS_ERROR_FAILURE (0x80004005) aIID={16ced992-5fdc-4aba-aff5-6a39bbd7c38b} aComponent={HostWrap} aText={VirtualBox is not currently allowed to access USB devices.  You can change this by adding your user to the 'vboxusers' group.  Please see the user manual for a more detailed explanation}, preserve=true  aResultDetail=0
00:00:40.716795 nspr-4   Saving settings file "/home/ersandro/VirtualBox VMs/Linux/Linux.vbox" with version "1.16-linux"
00:00:40.988844 nspr-2   WARNING [COM]: aRC=NS_ERROR_FAILURE (0x80004005) aIID={16ced992-5fdc-4aba-aff5-6a39bbd7c38b} aComponent={HostWrap} aText={VirtualBox is not currently allowed to access USB devices.  You can change this by adding your user to the 'vboxusers' group.  Please see the user manual for a more detailed explanation}, preserve=true  aResultDetail=0
00:00:40.995518 nspr-2   WARNING [COM]: aRC=NS_ERROR_FAILURE (0x80004005) aIID={16ced992-5fdc-4aba-aff5-6a39bbd7c38b} aComponent={HostWrap} aText={VirtualBox is not currently allowed to access USB devices.  You can change this by adding your user to the 'vboxusers' group.  Please see the user manual for a more detailed explanation}, preserve=true  aResultDetail=0
00:00:42.895220 nspr-2   Launched VM: 872684496 pid: 232278 (0x38b56) frontend: GUI/Qt name: Linux
00:00:43.025610 nspr-4   WARNING [COM]: aRC=NS_ERROR_FAILURE (0x80004005) aIID={16ced992-5fdc-4aba-aff5-6a39bbd7c38b} aComponent={HostWrap} aText={VirtualBox is not currently allowed to access USB devices.  You can change this by adding your user to the 'vboxusers' group.  Please see the user manual for a more detailed explanation}, preserve=true  aResultDetail=0
00:00:43.027403 nspr-4   WARNING [COM]: aRC=NS_ERROR_FAILURE (0x80004005) aIID={16ced992-5fdc-4aba-aff5-6a39bbd7c38b} aComponent={HostWrap} aText={VirtualBox is not currently allowed to access USB devices.  You can change this by adding your user to the 'vboxusers' group.  Please see the user manual for a more detailed explanation}, preserve=true  aResultDetail=0
00:00:43.353908 nspr-5   WARNING [COM]: aRC=NS_ERROR_FAILURE (0x80004005) aIID={16ced992-5fdc-4aba-aff5-6a39bbd7c38b} aComponent={HostWrap} aText={VirtualBox is not currently allowed to access USB devices.  You can change this by adding your user to the 'vboxusers' group.  Please see the user manual for a more detailed explanation}, preserve=true  aResultDetail=0
00:00:43.355066 nspr-5   WARNING [COM]: aRC=NS_ERROR_FAILURE (0x80004005) aIID={16ced992-5fdc-4aba-aff5-6a39bbd7c38b} aComponent={HostWrap} aText={VirtualBox is not currently allowed to access USB devices.  You can change this by adding your user to the 'vboxusers' group.  Please see the user manual for a more detailed explanation}, preserve=true  aResultDetail=0
00:00:44.236630 nspr-5   WARNING [COM]: aRC=NS_ERROR_FAILURE (0x80004005) aIID={16ced992-5fdc-4aba-aff5-6a39bbd7c38b} aComponent={HostWrap} aText={VirtualBox is not currently allowed to access USB devices.  You can change this by adding your user to the 'vboxusers' group.  Please see the user manual for a more detailed explanation}, preserve=true  aResultDetail=0
00:00:44.238153 nspr-2   WARNING [COM]: aRC=NS_ERROR_FAILURE (0x80004005) aIID={16ced992-5fdc-4aba-aff5-6a39bbd7c38b} aComponent={HostWrap} aText={VirtualBox is not currently allowed to access USB devices.  You can change this by adding your user to the 'vboxusers' group.  Please see the user manual for a more detailed explanation}, preserve=true  aResultDetail=0
00:00:44.238512 nspr-2   ERROR [COM]: aRC=VBOX_E_OBJECT_NOT_FOUND (0x80bb0001) aIID={70401eef-c8e9-466b-9660-45cb3e9979e4} aComponent={ExtPackManagerWrap} aText={No extension pack by the name 'Oracle VM VirtualBox Extension Pack' was found}, preserve=false aResultDetail=0
00:00:44.281623 nspr-5   ERROR [COM]: aRC=VBOX_E_IPRT_ERROR (0x80bb0005) aIID={85632c68-b5bb-4316-a900-5eb28d3413df} aComponent={SessionMachine} aText={Saved screenshot data is not available (VERR_NOT_SUPPORTED)}, preserve=false aResultDetail=-37
00:00:44.293081 nspr-5   NetIfAdpCtlOut: VBoxNetAdpCtl: Error while retrieving link speed for wlp2s0: VBoxNetAdpCtl: ioctl failed: Operation not supported
00:00:44.366687 nspr-5   WARNING [COM]: aRC=NS_ERROR_FAILURE (0x80004005) aIID={16ced992-5fdc-4aba-aff5-6a39bbd7c38b} aComponent={HostWrap} aText={VirtualBox is not currently allowed to access USB devices.  You can change this by adding your user to the 'vboxusers' group.  Please see the user manual for a more detailed explanation}, preserve=true  aResultDetail=0
00:00:44.375522 nspr-5   WARNING [COM]: aRC=NS_ERROR_FAILURE (0x80004005) aIID={16ced992-5fdc-4aba-aff5-6a39bbd7c38b} aComponent={HostWrap} aText={VirtualBox is not currently allowed to access USB devices.  You can change this by adding your user to the 'vboxusers' group.  Please see the user manual for a more detailed explanation}, preserve=true  aResultDetail=0
00:00:44.377444 nspr-3   WARNING [COM]: aRC=NS_ERROR_FAILURE (0x80004005) aIID={16ced992-5fdc-4aba-aff5-6a39bbd7c38b} aComponent={HostWrap} aText={VirtualBox is not currently allowed to access USB devices.  You can change this by adding your user to the 'vboxusers' group.  Please see the user manual for a more detailed explanation}, preserve=true  aResultDetail=0
00:00:45.444622 nspr-9   WARNING [COM]: aRC=NS_ERROR_FAILURE (0x80004005) aIID={16ced992-5fdc-4aba-aff5-6a39bbd7c38b} aComponent={HostWrap} aText={VirtualBox is not currently allowed to access USB devices.  You can change this by adding your user to the 'vboxusers' group.  Please see the user manual for a more detailed explanation}, preserve=true  aResultDetail=0
00:00:45.452166 nspr-8   WARNING [COM]: aRC=NS_ERROR_FAILURE (0x80004005) aIID={16ced992-5fdc-4aba-aff5-6a39bbd7c38b} aComponent={HostWrap} aText={VirtualBox is not currently allowed to access USB devices.  You can change this by adding your user to the 'vboxusers' group.  Please see the user manual for a more detailed explanation}, preserve=true  aResultDetail=0
00:04:15.306835 nspr-2   Saving settings file "/home/ersandro/VirtualBox VMs/Linux/Linux.vbox" with version "1.16-linux"
00:04:15.477787 nspr-9   WARNING [COM]: aRC=NS_ERROR_FAILURE (0x80004005) aIID={16ced992-5fdc-4aba-aff5-6a39bbd7c38b} aComponent={HostWrap} aText={VirtualBox is not currently allowed to access USB devices.  You can change this by adding your user to the 'vboxusers' group.  Please see the user manual for a more detailed explanation}, preserve=true  aResultDetail=0
00:04:15.481975 nspr-6   WARNING [COM]: aRC=NS_ERROR_FAILURE (0x80004005) aIID={16ced992-5fdc-4aba-aff5-6a39bbd7c38b} aComponent={HostWrap} aText={VirtualBox is not currently allowed to access USB devices.  You can change this by adding your user to the 'vboxusers' group.  Please see the user manual for a more detailed explanation}, preserve=true  aResultDetail=0
00:04:16.033197 nspr-6   WARNING [COM]: aRC=NS_ERROR_FAILURE (0x80004005) aIID={16ced992-5fdc-4aba-aff5-6a39bbd7c38b} aComponent={HostWrap} aText={VirtualBox is not currently allowed to access USB devices.  You can change this by adding your user to the 'vboxusers' group.  Please see the user manual for a more detailed explanation}, preserve=true  aResultDetail=0
00:04:16.041115 nspr-7   WARNING [COM]: aRC=NS_ERROR_FAILURE (0x80004005) aIID={16ced992-5fdc-4aba-aff5-6a39bbd7c38b} aComponent={HostWrap} aText={VirtualBox is not currently allowed to access USB devices.  You can change this by adding your user to the 'vboxusers' group.  Please see the user manual for a more detailed explanation}, preserve=true  aResultDetail=0
00:04:17.579916 nspr-3   Saving settings file "/home/ersandro/.config/VirtualBox/VirtualBox.xml" with version "1.12-linux"
00:04:17.599383 nspr-7   Saving settings file "/home/ersandro/.config/VirtualBox/VirtualBox.xml" with version "1.12-linux"
00:04:17.647623 nspr-7   Saving settings file "/home/ersandro/.config/VirtualBox/VirtualBox.xml" with version "1.12-linux"
00:04:17.658538 nspr-9   Saving settings file "/home/ersandro/.config/VirtualBox/VirtualBox.xml" with version "1.12-linux"
00:04:23.188604 main     VirtualBox: object deletion starts
00:04:23.188655 main     ERROR [COM]: aRC=VBOX_E_OBJECT_IN_USE (0x80bb000c) aIID={ad47ad09-787b-44ab-b343-a082a3f2dfb1} aComponent={MediumWrap} aText={Medium '/home/ersandro/VirtualBox VMs/Linux/Linux.vdi' cannot be closed because it is still attached to 1 virtual machines}, preserve=false aResultDetail=0
00:04:23.188824 main     ERROR [COM]: aRC=VBOX_E_OBJECT_IN_USE (0x80bb000c) aIID={ad47ad09-787b-44ab-b343-a082a3f2dfb1} aComponent={MediumWrap} aText={Medium '/home/ersandro/VirtualBox VMs/Nix/Nix.vdi' cannot be closed because it is still attached to 1 virtual machines}, preserve=false aResultDetail=0
00:04:23.189349 main     HostDnsMonitor: shutting down ...
00:04:23.202773 main     HostDnsMonitor: shut down
00:04:23.324864 Watcher  ERROR [COM]: aRC=E_ACCESSDENIED (0x80070005) aIID={d0a0163f-e254-4e5b-a1f2-011cf991c38d} aComponent={VirtualBoxWrap} aText={The object is not ready}, preserve=false aResultDetail=0
00:04:28.202972 main     {00007ff034018ee0} HostPowerServiceLinux::~HostPowerServiceLinux: RTThreadWait() for 5000 ms failed with VERR_TIMEOUT
00:04:28.203692 main     VirtualBox: object deleted
